[debug] [2022-04-24T19:24:30.303Z] ----------------------------------------------------------------------
[debug] [2022-04-24T19:24:30.305Z] Command:       C:\Program Files\nodejs\node.exe C:\Users\khack\AppData\Roaming\npm\node_modules\firebase-tools\lib\bin\firebase.js emulators:start --only functions
[debug] [2022-04-24T19:24:30.306Z] CLI Version:   10.7.0
[debug] [2022-04-24T19:24:30.306Z] Platform:      win32
[debug] [2022-04-24T19:24:30.306Z] Node Version:  v16.14.2
[debug] [2022-04-24T19:24:30.307Z] Time:          Sun Apr 24 2022 21:24:30 GMT+0200 (Central European Summer Time)
[debug] [2022-04-24T19:24:30.308Z] ----------------------------------------------------------------------
[debug] 
[debug] [2022-04-24T19:24:30.395Z] > command requires scopes: ["email","openid","https://www.googleapis.com/auth/cloudplatformprojects.readonly","https://www.googleapis.com/auth/firebase","https://www.googleapis.com/auth/cloud-platform"]
[debug] [2022-04-24T19:24:30.396Z] > authorizing via signed-in user (k.hack.rap@gmail.com)
[info] i  emulators: Starting emulators: functions {"metadata":{"emulator":{"name":"hub"},"message":"Starting emulators: functions"}}
[debug] [2022-04-24T19:24:30.437Z] [hub] writing locator at C:\Users\khack\AppData\Local\Temp\hub-intelligentmobilesystemsteam5.json
[warn] !  functions: The following emulators are not running, calls to these services from the Functions emulator will affect production: auth, firestore, database, hosting, pubsub, storage {"metadata":{"emulator":{"name":"functions"},"message":"The following emulators are not running, calls to these services from the Functions emulator will affect production: \u001b[1mauth, firestore, database, hosting, pubsub, storage\u001b[22m"}}
[info] +  functions: Using node@16 from host. {"metadata":{"emulator":{"name":"functions"},"message":"Using node@16 from host."}}
[debug] [2022-04-24T19:24:30.463Z] defaultcredentials: writing to file C:\Users\khack\AppData\Roaming\firebase\k_hack.rap_gmail.com_application_default_credentials.json
[debug] [2022-04-24T19:24:30.466Z] Setting GAC to C:\Users\khack\AppData\Roaming\firebase\k_hack.rap_gmail.com_application_default_credentials.json {"metadata":{"emulator":{"name":"functions"},"message":"Setting GAC to C:\\Users\\khack\\AppData\\Roaming\\firebase\\k_hack.rap_gmail.com_application_default_credentials.json"}}
[debug] [2022-04-24T19:24:30.470Z] >>> [apiv2][query] GET https://firebase.googleapis.com/v1beta1/projects/intelligentmobilesystemsteam5/adminSdkConfig [none]
[debug] [2022-04-24T19:24:30.741Z] <<< [apiv2][status] GET https://firebase.googleapis.com/v1beta1/projects/intelligentmobilesystemsteam5/adminSdkConfig 200
[debug] [2022-04-24T19:24:30.741Z] <<< [apiv2][body] GET https://firebase.googleapis.com/v1beta1/projects/intelligentmobilesystemsteam5/adminSdkConfig {"projectId":"intelligentmobilesystemsteam5","databaseURL":"https://intelligentmobilesystemsteam5-default-rtdb.europe-west1.firebasedatabase.app","storageBucket":"intelligentmobilesystemsteam5.appspot.com","locationId":"us-central"}
[debug] [2022-04-24T19:24:30.770Z] Ignoring unsupported arg: auto_download {"metadata":{"emulator":{"name":"ui"},"message":"Ignoring unsupported arg: auto_download"}}
[debug] [2022-04-24T19:24:30.770Z] Ignoring unsupported arg: port {"metadata":{"emulator":{"name":"ui"},"message":"Ignoring unsupported arg: port"}}
[debug] [2022-04-24T19:24:30.771Z] Starting Emulator UI with command {"binary":"node","args":["C:\\Users\\khack\\.cache\\firebase\\emulators\\ui-v1.6.5\\server.bundle.js"],"optionalArgs":[],"joinArgs":false} {"metadata":{"emulator":{"name":"ui"},"message":"Starting Emulator UI with command {\"binary\":\"node\",\"args\":[\"C:\\\\Users\\\\khack\\\\.cache\\\\firebase\\\\emulators\\\\ui-v1.6.5\\\\server.bundle.js\"],\"optionalArgs\":[],\"joinArgs\":false}"}}
[info] i  ui: Emulator UI logging to ui-debug.log {"metadata":{"emulator":{"name":"ui"},"message":"Emulator UI logging to \u001b[1mui-debug.log\u001b[22m"}}
[debug] [2022-04-24T19:24:30.923Z] Web / API server started at localhost:4000
 {"metadata":{"emulator":{"name":"ui"},"message":"Web / API server started at localhost:4000\n"}}
[info] i  functions: Watching "C:\Users\khack\Desktop\project\IntelligentMobileSystemsTeam5\functions" for Cloud Functions... {"metadata":{"emulator":{"name":"functions"},"message":"Watching \"C:\\Users\\khack\\Desktop\\project\\IntelligentMobileSystemsTeam5\\functions\" for Cloud Functions..."}}
[debug] [2022-04-24T19:24:31.050Z] Validating nodejs source
[debug] [2022-04-24T19:24:33.628Z] > [functions] package.json contents: {
  "name": "functions",
  "description": "Cloud Functions for Firebase",
  "scripts": {
    "lint": "eslint .",
    "serve": "firebase emulators:start --only functions",
    "shell": "firebase functions:shell",
    "start": "npm run shell",
    "deploy": "firebase deploy --only functions",
    "logs": "firebase functions:log"
  },
  "engines": {
    "node": "16"
  },
  "main": "index.js",
  "dependencies": {
    "body": "^5.1.0",
    "body-parser": "^1.20.0",
    "cors": "^2.8.5",
    "express": "^4.17.3",
    "firebase-admin": "^10.0.2",
    "firebase-functions": "^3.18.0"
  },
  "devDependencies": {
    "eslint": "^8.9.0",
    "eslint-config-google": "^0.14.0",
    "firebase-functions-test": "^0.2.0"
  },
  "private": true
}
[debug] [2022-04-24T19:24:33.629Z] Building nodejs source
[debug] [2022-04-24T19:24:33.629Z] Analyzing nodejs backend spec
[info] +  functions[us-central1-v1]: http function initialized (http://localhost:5001/intelligentmobilesystemsteam5/us-central1/v1). {"metadata":{"emulator":{"name":"functions"},"message":"\u001b[1mhttp\u001b[22m function initialized (http://localhost:5001/intelligentmobilesystemsteam5/us-central1/v1)."}}
[info] 
┌─────────────────────────────────────────────────────────────┐
│ ✔  All emulators ready! It is now safe to connect your app. │
│ i  View Emulator UI at http://localhost:4000                │
└─────────────────────────────────────────────────────────────┘

┌───────────┬────────────────┬─────────────────────────────────┐
│ Emulator  │ Host:Port      │ View in Emulator UI             │
├───────────┼────────────────┼─────────────────────────────────┤
│ Functions │ localhost:5001 │ http://localhost:4000/functions │
└───────────┴────────────────┴─────────────────────────────────┘
  Emulator Hub running at localhost:4400
  Other reserved ports: 4500

Issues? Report them at https://github.com/firebase/firebase-tools/issues and attach the *-debug.log files.
 
[debug] [2022-04-24T19:25:27.781Z] [work-queue] {"queueLength":1,"workRunningCount":0}
[debug] [2022-04-24T19:25:27.782Z] [work-queue] {"queueLength":0,"workRunningCount":1}
[debug] [2022-04-24T19:25:27.782Z] Accepted request POST /intelligentmobilesystemsteam5/us-central1/v1/addData?time=1993&x=987654321&y=111111 --> us-central1-v1
[debug] [2022-04-24T19:25:27.792Z] [worker-pool] addWorker(us-central1-v1) {"metadata":{"emulator":{"name":"functions"},"message":"[worker-pool] addWorker(us-central1-v1)"}}
[debug] [2022-04-24T19:25:27.793Z] [worker-pool] Adding worker with key us-central1-v1, total=1 {"metadata":{"emulator":{"name":"functions"},"message":"[worker-pool] Adding worker with key us-central1-v1, total=1"}}
[debug] [2022-04-24T19:25:27.793Z] [worker-pool] submitWork(triggerId=us-central1-v1) {"metadata":{"emulator":{"name":"functions"},"message":"[worker-pool] submitWork(triggerId=us-central1-v1)"}}
[debug] [2022-04-24T19:25:27.794Z] [worker-us-central1-v1-a489ebb5-59cf-47cf-b5b2-c38fc3055a8b]: Assigning socketPath: \\?\pipe\C:\Users\khack\Desktop\project\IntelligentMobileSystemsTeam5\functions\17088 {"metadata":{"emulator":{"name":"functions"},"message":"[worker-us-central1-v1-a489ebb5-59cf-47cf-b5b2-c38fc3055a8b]: Assigning socketPath: \\\\?\\pipe\\C:\\Users\\khack\\Desktop\\project\\IntelligentMobileSystemsTeam5\\functions\\17088"}}
[debug] [2022-04-24T19:25:27.795Z] [worker-us-central1-v1-a489ebb5-59cf-47cf-b5b2-c38fc3055a8b]: BUSY {"metadata":{"emulator":{"name":"functions"},"message":"[worker-us-central1-v1-a489ebb5-59cf-47cf-b5b2-c38fc3055a8b]: BUSY"}}
[debug] [2022-04-24T19:25:29.367Z] [runtime-status] [17088] Functions runtime initialized. {"cwd":"C:\\Users\\khack\\Desktop\\project\\IntelligentMobileSystemsTeam5\\functions","node_version":"16.14.2"} {"metadata":{"emulator":{"name":"functions"},"function":{"name":"us-central1-v1"},"extension":{},"message":"[runtime-status] [17088] Functions runtime initialized. {\"cwd\":\"C:\\\\Users\\\\khack\\\\Desktop\\\\project\\\\IntelligentMobileSystemsTeam5\\\\functions\",\"node_version\":\"16.14.2\"}"}}
[debug] [2022-04-24T19:25:29.369Z] [runtime-status] [17088] Disabled runtime features: undefined {"metadata":{"emulator":{"name":"functions"},"function":{"name":"us-central1-v1"},"extension":{},"message":"[runtime-status] [17088] Disabled runtime features: undefined"}}
[debug] [2022-04-24T19:25:29.372Z] [runtime-status] [17088] Resolved module firebase-admin {"declared":true,"installed":true,"version":"10.0.2","resolution":"C:\\Users\\khack\\Desktop\\project\\IntelligentMobileSystemsTeam5\\functions\\node_modules\\firebase-admin\\lib\\index.js"} {"metadata":{"emulator":{"name":"functions"},"function":{"name":"us-central1-v1"},"extension":{},"message":"[runtime-status] [17088] Resolved module firebase-admin {\"declared\":true,\"installed\":true,\"version\":\"10.0.2\",\"resolution\":\"C:\\\\Users\\\\khack\\\\Desktop\\\\project\\\\IntelligentMobileSystemsTeam5\\\\functions\\\\node_modules\\\\firebase-admin\\\\lib\\\\index.js\"}"}}
[debug] [2022-04-24T19:25:29.374Z] [runtime-status] [17088] Resolved module firebase-functions {"declared":true,"installed":true,"version":"3.20.1","resolution":"C:\\Users\\khack\\Desktop\\project\\IntelligentMobileSystemsTeam5\\functions\\node_modules\\firebase-functions\\lib\\index.js"} {"metadata":{"emulator":{"name":"functions"},"function":{"name":"us-central1-v1"},"extension":{},"message":"[runtime-status] [17088] Resolved module firebase-functions {\"declared\":true,\"installed\":true,\"version\":\"3.20.1\",\"resolution\":\"C:\\\\Users\\\\khack\\\\Desktop\\\\project\\\\IntelligentMobileSystemsTeam5\\\\functions\\\\node_modules\\\\firebase-functions\\\\lib\\\\index.js\"}"}}
[debug] [2022-04-24T19:25:29.374Z] [runtime-status] [17088] Outgoing network have been stubbed. [{"name":"http","status":"mocked"},{"name":"http","status":"mocked"},{"name":"https","status":"mocked"},{"name":"https","status":"mocked"},{"name":"net","status":"mocked"}] {"metadata":{"emulator":{"name":"functions"},"function":{"name":"us-central1-v1"},"extension":{},"message":"[runtime-status] [17088] Outgoing network have been stubbed. [{\"name\":\"http\",\"status\":\"mocked\"},{\"name\":\"http\",\"status\":\"mocked\"},{\"name\":\"https\",\"status\":\"mocked\"},{\"name\":\"https\",\"status\":\"mocked\"},{\"name\":\"net\",\"status\":\"mocked\"}]"}}
[debug] [2022-04-24T19:25:29.375Z] [runtime-status] [17088] Resolved module firebase-functions {"declared":true,"installed":true,"version":"3.20.1","resolution":"C:\\Users\\khack\\Desktop\\project\\IntelligentMobileSystemsTeam5\\functions\\node_modules\\firebase-functions\\lib\\index.js"} {"metadata":{"emulator":{"name":"functions"},"function":{"name":"us-central1-v1"},"extension":{},"message":"[runtime-status] [17088] Resolved module firebase-functions {\"declared\":true,\"installed\":true,\"version\":\"3.20.1\",\"resolution\":\"C:\\\\Users\\\\khack\\\\Desktop\\\\project\\\\IntelligentMobileSystemsTeam5\\\\functions\\\\node_modules\\\\firebase-functions\\\\lib\\\\index.js\"}"}}
[debug] [2022-04-24T19:25:29.467Z] [runtime-status] [17088] Checked functions.config() {"config":{}} {"metadata":{"emulator":{"name":"functions"},"function":{"name":"us-central1-v1"},"extension":{},"message":"[runtime-status] [17088] Checked functions.config() {\"config\":{}}"}}
[debug] [2022-04-24T19:25:29.467Z] [runtime-status] [17088] firebase-functions has been stubbed. {"functionsResolution":{"declared":true,"installed":true,"version":"3.20.1","resolution":"C:\\Users\\khack\\Desktop\\project\\IntelligentMobileSystemsTeam5\\functions\\node_modules\\firebase-functions\\lib\\index.js"}} {"metadata":{"emulator":{"name":"functions"},"function":{"name":"us-central1-v1"},"extension":{},"message":"[runtime-status] [17088] firebase-functions has been stubbed. {\"functionsResolution\":{\"declared\":true,\"installed\":true,\"version\":\"3.20.1\",\"resolution\":\"C:\\\\Users\\\\khack\\\\Desktop\\\\project\\\\IntelligentMobileSystemsTeam5\\\\functions\\\\node_modules\\\\firebase-functions\\\\lib\\\\index.js\"}}"}}
[debug] [2022-04-24T19:25:29.468Z] [runtime-status] [17088] Resolved module firebase-functions {"declared":true,"installed":true,"version":"3.20.1","resolution":"C:\\Users\\khack\\Desktop\\project\\IntelligentMobileSystemsTeam5\\functions\\node_modules\\firebase-functions\\lib\\index.js"} {"metadata":{"emulator":{"name":"functions"},"function":{"name":"us-central1-v1"},"extension":{},"message":"[runtime-status] [17088] Resolved module firebase-functions {\"declared\":true,\"installed\":true,\"version\":\"3.20.1\",\"resolution\":\"C:\\\\Users\\\\khack\\\\Desktop\\\\project\\\\IntelligentMobileSystemsTeam5\\\\functions\\\\node_modules\\\\firebase-functions\\\\lib\\\\index.js\"}"}}
[debug] [2022-04-24T19:25:29.470Z] [runtime-status] [17088] Resolved module firebase-admin {"declared":true,"installed":true,"version":"10.0.2","resolution":"C:\\Users\\khack\\Desktop\\project\\IntelligentMobileSystemsTeam5\\functions\\node_modules\\firebase-admin\\lib\\index.js"} {"metadata":{"emulator":{"name":"functions"},"function":{"name":"us-central1-v1"},"extension":{},"message":"[runtime-status] [17088] Resolved module firebase-admin {\"declared\":true,\"installed\":true,\"version\":\"10.0.2\",\"resolution\":\"C:\\\\Users\\\\khack\\\\Desktop\\\\project\\\\IntelligentMobileSystemsTeam5\\\\functions\\\\node_modules\\\\firebase-admin\\\\lib\\\\index.js\"}"}}
[debug] [2022-04-24T19:25:29.471Z] [runtime-status] [17088] Resolved module firebase-functions {"declared":true,"installed":true,"version":"3.20.1","resolution":"C:\\Users\\khack\\Desktop\\project\\IntelligentMobileSystemsTeam5\\functions\\node_modules\\firebase-functions\\lib\\index.js"} {"metadata":{"emulator":{"name":"functions"},"function":{"name":"us-central1-v1"},"extension":{},"message":"[runtime-status] [17088] Resolved module firebase-functions {\"declared\":true,\"installed\":true,\"version\":\"3.20.1\",\"resolution\":\"C:\\\\Users\\\\khack\\\\Desktop\\\\project\\\\IntelligentMobileSystemsTeam5\\\\functions\\\\node_modules\\\\firebase-functions\\\\lib\\\\index.js\"}"}}
[debug] [2022-04-24T19:25:29.471Z] [runtime-status] [17088] firebase-admin has been stubbed. {"adminResolution":{"declared":true,"installed":true,"version":"10.0.2","resolution":"C:\\Users\\khack\\Desktop\\project\\IntelligentMobileSystemsTeam5\\functions\\node_modules\\firebase-admin\\lib\\index.js"}} {"metadata":{"emulator":{"name":"functions"},"function":{"name":"us-central1-v1"},"extension":{},"message":"[runtime-status] [17088] firebase-admin has been stubbed. {\"adminResolution\":{\"declared\":true,\"installed\":true,\"version\":\"10.0.2\",\"resolution\":\"C:\\\\Users\\\\khack\\\\Desktop\\\\project\\\\IntelligentMobileSystemsTeam5\\\\functions\\\\node_modules\\\\firebase-admin\\\\lib\\\\index.js\"}}"}}
[debug] [2022-04-24T19:25:29.520Z] [runtime-status] [17088] initializeApp(DEFAULT) {"credential":{"implicit":false,"projectId":"intelligentmobilesystemsteam5","privateKey":"-----BEGIN PRIVATE KEY-----\nMIIEvQIBADANBgkqhkiG9w0BAQEFAASCBKcwggSjAgEAAoIBAQC5tw/4R/uTrI5C\nwj2RCYt6vp4UNv66I2YUHII04ZqvlEJqPdSKYT7qpOe02fTzNMpKoFq3dl9kvUlb\nNCBeubSAOlcTWxa7nXPsAk2hgg4iceLA5nVcn68Gny7ED+6XW6lfyuCuhOCd8Lhy\nFclLD9sVqGEd5HOGy8EonZuijQGNBErFZAOdsAV36lqbFXOkQcEwK3Z2VYrpBd4O\nLuBKGWeSPX3XwKKDTKN0odPYLXIkqq2YcrA8sTOZPQs7uI0V8LzSVMgRvKWKEycd\nBgSLWPY+Fhd1EblKOjUCyoin6haQAUTLkPYHW2U2dA7+ezF5FFUItbJ303oWPyxi\n2s3elHFTAgMBAAECggEADO4tA3lnj8Gc6hMCHF4QwwwQj5HArI8YZWASxMHMdlsZ\nQLJrYPMiYU34AASI5IIRb564kjuAqs/vEpWPh2jgo2jsdSGLdKai0pTaeNtIRqet\nRQcGtts7YXel1urRDuLH6S6D9EK2LOj8vpy7tik1dM2TbXRhgsoe+cf3dRriN8It\nGY23rEGsKGTXNVYhXXgWr4QBiEdVXcBMtDewB+yYNBK/AWmLtoYOyMjMuGHDLStU\n6CvKdDwAFd2zhCjts7Ms60xHugdQCwBalW+d+Mqj/g/Su7AQYofEA+iIkDt9cQ9u\n4suSM8FY044E1cX11W+DTA3pwenG+dmVsUYOLoI4WQKBgQD51Km5z6gc3TxfO4F6\n57GmpXnE/iopPS17lBlkhgYZybysHjBsICHAOt3Qy+HN9FFbvgRapMfaM8+qBSB2\nA8r6tmYLE3gbmcj/rOFzPHzC/Dntds+EpCIia4GPFWKnZTFmfwNoO5lwtUFNPKbL\n4wII3q5tNaximXa5Da+OEtCZvQKBgQC+TRWOTv5Kq1epOlzIV37CUDIOIuZWjtvI\nDRvr4eMo8R/687Yv/NkD8VwGH5/D5CHF5y71X+URQTJIB9XBa/nZwhmLNlAXlQsP\nmxtYAOXrEZ8UMkcjgQBPbOVrwYptD38jdjZQLRD44uIO6TnMO7m5pXG1llV+2dPA\nw20lK9kATwKBgBiD7M/F98o1T3pM3YzQ9ZbTwBo7kqmPTkpFIyTBHhIjwLbnE3tY\nv9ccL64Qg6zxH5awE79NUiswUF1vuVq7TozBn0vQ8kVLFvU34rurINcFZy3NLdnn\nPU5BXGpM/+xLOsjDB/OPfaQYtTq+C+QP96AlMdqXnL3kL0lDdYmsgPnFAoGARl2o\nb9ODscaDhn6fGjFIHL+ckp+S/kSavfEi9uiyn0vxoFCHeF0NPaj8dwMwhzWOy2e9\ndFu+DtBFsF69SmULoNplqZUurlmdGmsnBDZoza/ZW5VvupATtkq01lBdSBBn2Yv3\nb1QKp4z1O8A/b+ZRuXSUhCmPeXVAGFHqxMje138CgYEA0zK16Li0BjU/xQx1o1cs\nofHnX0bPStJ4NarPrFcPexDBNmrVY7Y7uHWh/k1Ae7VhM2ra7Iz0+pG2CgeAnWSW\n4RDTIdDGIrz7hcBHbxY4Seo/BTO/T67f9rObkSEBzBWWvoxXJKsgzIhrooKP0wzk\nS44OwjkhLSVVZ0S3hkAlg9Q=\n-----END PRIVATE KEY-----\n","clientEmail":"firebase-adminsdk-1b25m@intelligentmobilesystemsteam5.iam.gserviceaccount.com","httpClient":{"retry":{"maxRetries":4,"statusCodes":[503],"ioErrorCodes":["ECONNRESET","ETIMEDOUT"],"backOffFactor":0.5,"maxDelayInMillis":60000}}}} {"metadata":{"emulator":{"name":"functions"},"function":{"name":"us-central1-v1"},"extension":{},"message":"[runtime-status] [17088] initializeApp(DEFAULT) {\"credential\":{\"implicit\":false,\"projectId\":\"intelligentmobilesystemsteam5\",\"privateKey\":\"-----BEGIN PRIVATE KEY-----\\nMIIEvQIBADANBgkqhkiG9w0BAQEFAASCBKcwggSjAgEAAoIBAQC5tw/4R/uTrI5C\\nwj2RCYt6vp4UNv66I2YUHII04ZqvlEJqPdSKYT7qpOe02fTzNMpKoFq3dl9kvUlb\\nNCBeubSAOlcTWxa7nXPsAk2hgg4iceLA5nVcn68Gny7ED+6XW6lfyuCuhOCd8Lhy\\nFclLD9sVqGEd5HOGy8EonZuijQGNBErFZAOdsAV36lqbFXOkQcEwK3Z2VYrpBd4O\\nLuBKGWeSPX3XwKKDTKN0odPYLXIkqq2YcrA8sTOZPQs7uI0V8LzSVMgRvKWKEycd\\nBgSLWPY+Fhd1EblKOjUCyoin6haQAUTLkPYHW2U2dA7+ezF5FFUItbJ303oWPyxi\\n2s3elHFTAgMBAAECggEADO4tA3lnj8Gc6hMCHF4QwwwQj5HArI8YZWASxMHMdlsZ\\nQLJrYPMiYU34AASI5IIRb564kjuAqs/vEpWPh2jgo2jsdSGLdKai0pTaeNtIRqet\\nRQcGtts7YXel1urRDuLH6S6D9EK2LOj8vpy7tik1dM2TbXRhgsoe+cf3dRriN8It\\nGY23rEGsKGTXNVYhXXgWr4QBiEdVXcBMtDewB+yYNBK/AWmLtoYOyMjMuGHDLStU\\n6CvKdDwAFd2zhCjts7Ms60xHugdQCwBalW+d+Mqj/g/Su7AQYofEA+iIkDt9cQ9u\\n4suSM8FY044E1cX11W+DTA3pwenG+dmVsUYOLoI4WQKBgQD51Km5z6gc3TxfO4F6\\n57GmpXnE/iopPS17lBlkhgYZybysHjBsICHAOt3Qy+HN9FFbvgRapMfaM8+qBSB2\\nA8r6tmYLE3gbmcj/rOFzPHzC/Dntds+EpCIia4GPFWKnZTFmfwNoO5lwtUFNPKbL\\n4wII3q5tNaximXa5Da+OEtCZvQKBgQC+TRWOTv5Kq1epOlzIV37CUDIOIuZWjtvI\\nDRvr4eMo8R/687Yv/NkD8VwGH5/D5CHF5y71X+URQTJIB9XBa/nZwhmLNlAXlQsP\\nmxtYAOXrEZ8UMkcjgQBPbOVrwYptD38jdjZQLRD44uIO6TnMO7m5pXG1llV+2dPA\\nw20lK9kATwKBgBiD7M/F98o1T3pM3YzQ9ZbTwBo7kqmPTkpFIyTBHhIjwLbnE3tY\\nv9ccL64Qg6zxH5awE79NUiswUF1vuVq7TozBn0vQ8kVLFvU34rurINcFZy3NLdnn\\nPU5BXGpM/+xLOsjDB/OPfaQYtTq+C+QP96AlMdqXnL3kL0lDdYmsgPnFAoGARl2o\\nb9ODscaDhn6fGjFIHL+ckp+S/kSavfEi9uiyn0vxoFCHeF0NPaj8dwMwhzWOy2e9\\ndFu+DtBFsF69SmULoNplqZUurlmdGmsnBDZoza/ZW5VvupATtkq01lBdSBBn2Yv3\\nb1QKp4z1O8A/b+ZRuXSUhCmPeXVAGFHqxMje138CgYEA0zK16Li0BjU/xQx1o1cs\\nofHnX0bPStJ4NarPrFcPexDBNmrVY7Y7uHWh/k1Ae7VhM2ra7Iz0+pG2CgeAnWSW\\n4RDTIdDGIrz7hcBHbxY4Seo/BTO/T67f9rObkSEBzBWWvoxXJKsgzIhrooKP0wzk\\nS44OwjkhLSVVZ0S3hkAlg9Q=\\n-----END PRIVATE KEY-----\\n\",\"clientEmail\":\"firebase-adminsdk-1b25m@intelligentmobilesystemsteam5.iam.gserviceaccount.com\",\"httpClient\":{\"retry\":{\"maxRetries\":4,\"statusCodes\":[503],\"ioErrorCodes\":[\"ECONNRESET\",\"ETIMEDOUT\"],\"backOffFactor\":0.5,\"maxDelayInMillis\":60000}}}}"}}
[warn] !  functions: The Cloud Firestore emulator is not running, so calls to Firestore will affect production. {"metadata":{"emulator":{"name":"functions"},"function":{"name":"us-central1-v1"},"extension":{},"message":"The Cloud Firestore emulator is not running, so calls to Firestore will affect production."}}
[debug] [2022-04-24T19:25:29.706Z] [runtime-status] [17088] Beginning invocation function v1! {"metadata":{"emulator":{"name":"functions"},"function":{"name":"us-central1-v1"},"extension":{},"message":"[runtime-status] [17088] Beginning invocation function v1!"}}
[info] i  functions: Beginning execution of "v1" {"metadata":{"emulator":{"name":"functions"},"function":{"name":"us-central1-v1"},"extension":{},"message":"Beginning execution of \"v1\""}}
[debug] [2022-04-24T19:25:29.707Z] [runtime-status] [17088] Running v1 in signature http {"metadata":{"emulator":{"name":"functions"},"function":{"name":"us-central1-v1"},"extension":{},"message":"[runtime-status] [17088] Running v1 in signature http"}}
[debug] [2022-04-24T19:25:29.710Z] [runtime-status] [17088] Attempting to listen to socketPath: \\?\pipe\C:\Users\khack\Desktop\project\IntelligentMobileSystemsTeam5\functions\17088 {"metadata":{"emulator":{"name":"functions"},"function":{"name":"us-central1-v1"},"extension":{},"message":"[runtime-status] [17088] Attempting to listen to socketPath: \\\\?\\pipe\\C:\\Users\\khack\\Desktop\\project\\IntelligentMobileSystemsTeam5\\functions\\17088"}}
[debug] [2022-04-24T19:25:29.715Z] [functions] Runtime ready! Sending request! {"metadata":{"emulator":{"name":"functions"},"message":"[functions] Runtime ready! Sending request!"}}
[debug] [2022-04-24T19:25:29.716Z] [functions] Got req.url=/intelligentmobilesystemsteam5/us-central1/v1/addData?time=1993&x=987654321&y=111111, mapping to path=/addData?time=1993&x=987654321&y=111111 {"metadata":{"emulator":{"name":"functions"},"message":"[functions] Got req.url=/intelligentmobilesystemsteam5/us-central1/v1/addData?time=1993&x=987654321&y=111111, mapping to path=/addData?time=1993&x=987654321&y=111111"}}
[debug] [2022-04-24T19:25:29.785Z] [runtime-status] [17088] Ephemeral server handling POST request {"metadata":{"emulator":{"name":"functions"},"function":{"name":"us-central1-v1"},"extension":{},"message":"[runtime-status] [17088] Ephemeral server handling POST request"}}
[info] >  111111 123123 1231231 {"user":"111111 123123 1231231","metadata":{"emulator":{"name":"functions"},"function":{"name":"us-central1-v1"},"extension":{},"message":"\u001b[90m> \u001b[39m 111111 123123 1231231"}}
[debug] [2022-04-24T19:25:30.356Z] [runtime-status] [17088] Ephemeral server survived. {"metadata":{"emulator":{"name":"functions"},"function":{"name":"us-central1-v1"},"extension":{},"message":"[runtime-status] [17088] Ephemeral server survived."}}
[info] i  functions: Finished "v1" in ~1s {"metadata":{"emulator":{"name":"functions"},"function":{"name":"us-central1-v1"},"extension":{},"message":"Finished \"v1\" in ~1s"}}
[debug] [2022-04-24T19:25:31.301Z] [worker-us-central1-v1-a489ebb5-59cf-47cf-b5b2-c38fc3055a8b]: IDLE {"metadata":{"emulator":{"name":"functions"},"message":"[worker-us-central1-v1-a489ebb5-59cf-47cf-b5b2-c38fc3055a8b]: IDLE"}}
[debug] [2022-04-24T19:25:31.301Z] [work-queue] {"queueLength":0,"workRunningCount":0}
